<?xml version="1.0" encoding="UTF-8"?>
<testsuites name="Mocha Tests" time="3.276" tests="4" failures="4">
  <testsuite name="Root Suite" timestamp="2025-10-22T23:12:24" tests="0" file="cypress\integration\Testcases\BDD\Features\UserRegistration\UserRegistration.feature" time="0.000" failures="0">
  </testsuite>
  <testsuite name="User Registration" timestamp="2025-10-22T23:12:24" tests="4" time="3.240" failures="4">
    <testcase name="User Registration To Verify the New User Registration Workflow" time="0.000" classname="To Verify the New User Registration Workflow">
      <failure message="`cy.visit()` failed trying to load:

https://magento.softwaretestingboard.com/

The response we received from your web server was:

  &gt; 503: Service Unavailable

This was considered a failure because the status code was not `2xx`.

If you do not want status codes to cause failures pass the option: `failOnStatusCode: false`" type="CypressError"><![CDATA[CypressError: `cy.visit()` failed trying to load:

https://magento.softwaretestingboard.com/

The response we received from your web server was:

  > 503: Service Unavailable

This was considered a failure because the status code was not `2xx`.

If you do not want status codes to cause failures pass the option: `failOnStatusCode: false`
    at <unknown> (http://localhost:57380/__cypress/runner/cypress_runner.js:131900:76)
    at visitFailedByErr (http://localhost:57380/__cypress/runner/cypress_runner.js:131315:12)
    at <unknown> (http://localhost:57380/__cypress/runner/cypress_runner.js:131883:13)
    at tryCatcher (http://localhost:57380/__cypress/runner/cypress_runner.js:1807:23)
    at Promise._settlePromiseFromHandler (http://localhost:57380/__cypress/runner/cypress_runner.js:1519:31)
    at Promise._settlePromise (http://localhost:57380/__cypress/runner/cypress_runner.js:1576:18)
    at Promise._settlePromise0 (http://localhost:57380/__cypress/runner/cypress_runner.js:1621:10)
    at Promise._settlePromises (http://localhost:57380/__cypress/runner/cypress_runner.js:1697:18)
    at _drainQueueStep (http://localhost:57380/__cypress/runner/cypress_runner.js:2407:12)
    at _drainQueue (http://localhost:57380/__cypress/runner/cypress_runner.js:2400:9)
    at Async._drainQueues (http://localhost:57380/__cypress/runner/cypress_runner.js:2416:5)
    at Async.drainQueues (http://localhost:57380/__cypress/runner/cypress_runner.js:2286:14)
From Your Spec Code:
    at Context.eval (cypress/integration/Testcases/BDD/StepDefinitions/GlobalStepDefinitions/CucumberHooks.js:6:5)
    at Registry.runCaseHook (node_modules/@badeball/cypress-cucumber-preprocessor/dist/registry.js:176:0)
    at Object.fn (node_modules/@badeball/cypress-cucumber-preprocessor/dist/browser-runtime.js:304:0)
    at runStepWithLogGroup (node_modules/@badeball/cypress-cucumber-preprocessor/dist/helpers/cypress.js:51:0)
    at Context.eval (node_modules/@badeball/cypress-cucumber-preprocessor/dist/browser-runtime.js:303:0)]]></failure>
    </testcase>
    <testcase name="User Registration To Verify All Mandotory Fields with Valid Email Validations" time="0.000" classname="To Verify All Mandotory Fields with Valid Email Validations">
      <failure message="`cy.visit()` failed trying to load:

https://magento.softwaretestingboard.com/

The response we received from your web server was:

  &gt; 503: Service Unavailable

This was considered a failure because the status code was not `2xx`.

If you do not want status codes to cause failures pass the option: `failOnStatusCode: false`" type="CypressError"><![CDATA[CypressError: `cy.visit()` failed trying to load:

https://magento.softwaretestingboard.com/

The response we received from your web server was:

  > 503: Service Unavailable

This was considered a failure because the status code was not `2xx`.

If you do not want status codes to cause failures pass the option: `failOnStatusCode: false`
    at <unknown> (http://localhost:57380/__cypress/runner/cypress_runner.js:131900:76)
    at visitFailedByErr (http://localhost:57380/__cypress/runner/cypress_runner.js:131315:12)
    at <unknown> (http://localhost:57380/__cypress/runner/cypress_runner.js:131883:13)
    at tryCatcher (http://localhost:57380/__cypress/runner/cypress_runner.js:1807:23)
    at Promise._settlePromiseFromHandler (http://localhost:57380/__cypress/runner/cypress_runner.js:1519:31)
    at Promise._settlePromise (http://localhost:57380/__cypress/runner/cypress_runner.js:1576:18)
    at Promise._settlePromise0 (http://localhost:57380/__cypress/runner/cypress_runner.js:1621:10)
    at Promise._settlePromises (http://localhost:57380/__cypress/runner/cypress_runner.js:1697:18)
    at _drainQueueStep (http://localhost:57380/__cypress/runner/cypress_runner.js:2407:12)
    at _drainQueue (http://localhost:57380/__cypress/runner/cypress_runner.js:2400:9)
    at Async._drainQueues (http://localhost:57380/__cypress/runner/cypress_runner.js:2416:5)
    at Async.drainQueues (http://localhost:57380/__cypress/runner/cypress_runner.js:2286:14)
From Your Spec Code:
    at Context.eval (cypress/integration/Testcases/BDD/StepDefinitions/GlobalStepDefinitions/CucumberHooks.js:6:5)
    at Registry.runCaseHook (node_modules/@badeball/cypress-cucumber-preprocessor/dist/registry.js:176:0)
    at Object.fn (node_modules/@badeball/cypress-cucumber-preprocessor/dist/browser-runtime.js:304:0)
    at runStepWithLogGroup (node_modules/@badeball/cypress-cucumber-preprocessor/dist/helpers/cypress.js:51:0)
    at Context.eval (node_modules/@badeball/cypress-cucumber-preprocessor/dist/browser-runtime.js:303:0)]]></failure>
    </testcase>
    <testcase name="User Registration To Verify Error Message when User enters already registered Email Address" time="0.000" classname="To Verify Error Message when User enters already registered Email Address">
      <failure message="`cy.visit()` failed trying to load:

https://magento.softwaretestingboard.com/

The response we received from your web server was:

  &gt; 503: Service Unavailable

This was considered a failure because the status code was not `2xx`.

If you do not want status codes to cause failures pass the option: `failOnStatusCode: false`" type="CypressError"><![CDATA[CypressError: `cy.visit()` failed trying to load:

https://magento.softwaretestingboard.com/

The response we received from your web server was:

  > 503: Service Unavailable

This was considered a failure because the status code was not `2xx`.

If you do not want status codes to cause failures pass the option: `failOnStatusCode: false`
    at <unknown> (http://localhost:57380/__cypress/runner/cypress_runner.js:131900:76)
    at visitFailedByErr (http://localhost:57380/__cypress/runner/cypress_runner.js:131315:12)
    at <unknown> (http://localhost:57380/__cypress/runner/cypress_runner.js:131883:13)
    at tryCatcher (http://localhost:57380/__cypress/runner/cypress_runner.js:1807:23)
    at Promise._settlePromiseFromHandler (http://localhost:57380/__cypress/runner/cypress_runner.js:1519:31)
    at Promise._settlePromise (http://localhost:57380/__cypress/runner/cypress_runner.js:1576:18)
    at Promise._settlePromise0 (http://localhost:57380/__cypress/runner/cypress_runner.js:1621:10)
    at Promise._settlePromises (http://localhost:57380/__cypress/runner/cypress_runner.js:1697:18)
    at _drainQueueStep (http://localhost:57380/__cypress/runner/cypress_runner.js:2407:12)
    at _drainQueue (http://localhost:57380/__cypress/runner/cypress_runner.js:2400:9)
    at Async._drainQueues (http://localhost:57380/__cypress/runner/cypress_runner.js:2416:5)
    at Async.drainQueues (http://localhost:57380/__cypress/runner/cypress_runner.js:2286:14)
From Your Spec Code:
    at Context.eval (cypress/integration/Testcases/BDD/StepDefinitions/GlobalStepDefinitions/CucumberHooks.js:6:5)
    at Registry.runCaseHook (node_modules/@badeball/cypress-cucumber-preprocessor/dist/registry.js:176:0)
    at Object.fn (node_modules/@badeball/cypress-cucumber-preprocessor/dist/browser-runtime.js:304:0)
    at runStepWithLogGroup (node_modules/@badeball/cypress-cucumber-preprocessor/dist/helpers/cypress.js:51:0)
    at Context.eval (node_modules/@badeball/cypress-cucumber-preprocessor/dist/browser-runtime.js:303:0)]]></failure>
    </testcase>
    <testcase name="User Registration To Verify Password Complexity and Password Strength Meter validations" time="0.000" classname="To Verify Password Complexity and Password Strength Meter validations">
      <failure message="`cy.visit()` failed trying to load:

https://magento.softwaretestingboard.com/

The response we received from your web server was:

  &gt; 503: Service Unavailable

This was considered a failure because the status code was not `2xx`.

If you do not want status codes to cause failures pass the option: `failOnStatusCode: false`" type="CypressError"><![CDATA[CypressError: `cy.visit()` failed trying to load:

https://magento.softwaretestingboard.com/

The response we received from your web server was:

  > 503: Service Unavailable

This was considered a failure because the status code was not `2xx`.

If you do not want status codes to cause failures pass the option: `failOnStatusCode: false`
    at <unknown> (http://localhost:57380/__cypress/runner/cypress_runner.js:131900:76)
    at visitFailedByErr (http://localhost:57380/__cypress/runner/cypress_runner.js:131315:12)
    at <unknown> (http://localhost:57380/__cypress/runner/cypress_runner.js:131883:13)
    at tryCatcher (http://localhost:57380/__cypress/runner/cypress_runner.js:1807:23)
    at Promise._settlePromiseFromHandler (http://localhost:57380/__cypress/runner/cypress_runner.js:1519:31)
    at Promise._settlePromise (http://localhost:57380/__cypress/runner/cypress_runner.js:1576:18)
    at Promise._settlePromise0 (http://localhost:57380/__cypress/runner/cypress_runner.js:1621:10)
    at Promise._settlePromises (http://localhost:57380/__cypress/runner/cypress_runner.js:1697:18)
    at _drainQueueStep (http://localhost:57380/__cypress/runner/cypress_runner.js:2407:12)
    at _drainQueue (http://localhost:57380/__cypress/runner/cypress_runner.js:2400:9)
    at Async._drainQueues (http://localhost:57380/__cypress/runner/cypress_runner.js:2416:5)
    at Async.drainQueues (http://localhost:57380/__cypress/runner/cypress_runner.js:2286:14)
From Your Spec Code:
    at Context.eval (cypress/integration/Testcases/BDD/StepDefinitions/GlobalStepDefinitions/CucumberHooks.js:6:5)
    at Registry.runCaseHook (node_modules/@badeball/cypress-cucumber-preprocessor/dist/registry.js:176:0)
    at Object.fn (node_modules/@badeball/cypress-cucumber-preprocessor/dist/browser-runtime.js:304:0)
    at runStepWithLogGroup (node_modules/@badeball/cypress-cucumber-preprocessor/dist/helpers/cypress.js:51:0)
    at Context.eval (node_modules/@badeball/cypress-cucumber-preprocessor/dist/browser-runtime.js:303:0)]]></failure>
    </testcase>
  </testsuite>
</testsuites>